{
  "stats": {
    "suites": 1,
    "tests": 3,
    "passes": 3,
    "pending": 0,
    "failures": 0,
    "start": "2018-08-19T09:13:34.501Z",
    "end": "2018-08-19T09:13:34.836Z",
    "duration": 335,
    "testsRegistered": 3,
    "passPercent": 100,
    "pendingPercent": 0,
    "other": 0,
    "hasOther": false,
    "skipped": 0,
    "hasSkipped": false,
    "passPercentClass": "success",
    "pendingPercentClass": "danger"
  },
  "suites": {
    "uuid": "641c3d3f-ff1b-4127-9263-7078c12f5398",
    "title": "",
    "fullFile": "",
    "file": "",
    "beforeHooks": [],
    "afterHooks": [],
    "tests": [],
    "suites": [
      {
        "uuid": "0108b9f9-2802-4249-b82d-e9aa8551f3d9",
        "title": "App defined",
        "fullFile": "C:\\Github\\tests\\app-one\\client\\test\\components\\app.test.js",
        "file": "\\client\\test\\components\\app.test.js",
        "beforeHooks": [],
        "afterHooks": [],
        "tests": [
          {
            "title": "Localization has local class",
            "fullTitle": "App defined Localization has local class",
            "timedOut": false,
            "duration": 51,
            "state": "passed",
            "speed": "medium",
            "pass": true,
            "fail": false,
            "pending": false,
            "code": "var wrapper = (0, _test_helper.getWrapper)(_Localization.default);\n(0, _test_helper.expect)(wrapper.find('div').hasClass(\"locale\")).to.be.true;",
            "err": {},
            "isRoot": false,
            "uuid": "d8bd09e3-e6fd-4e97-99b0-6d41274d15e4",
            "isHook": false,
            "skipped": false
          },
          {
            "title": "Should App Contains Localization",
            "fullTitle": "App defined Should App Contains Localization",
            "timedOut": false,
            "duration": 12,
            "state": "passed",
            "speed": "fast",
            "pass": true,
            "fail": false,
            "pending": false,
            "code": "var wrapper = (0, _test_helper.getRouteWrapper)(_app.default);\n(0, _test_helper.expect)(wrapper.find(_PostsIndex.default)).to.have.length(0);\n(0, _test_helper.expect)(wrapper.find(_Localization.default)).to.have.length(1);",
            "err": {},
            "isRoot": false,
            "uuid": "6b7b3a4e-daa0-4000-9d10-c08f65f09698",
            "isHook": false,
            "skipped": false
          },
          {
            "title": "Should Register Not Add New User",
            "fullTitle": "App defined Should Register Not Add New User",
            "timedOut": false,
            "duration": 88,
            "state": "passed",
            "speed": "slow",
            "pass": true,
            "fail": false,
            "pending": false,
            "code": "var wrapper = (0, _test_helper.getRouteWrapper)(_Register.default);\nwrapper.find('form').simulate('submit'); //console.log(wrapper.find('div').findWhere(x => {console.log(x.text());})); // x.type() === 'div' && x.text() === 'Enter a email'\n// .findWhere(x => { console.log(x.html(), x.type(), x.text()); x.type() && x.type().indexOf(\"div\") > -1 && x.text() && x.text().indexOf('Enter a email') > -1 })\n(0, _test_helper.expect)(wrapper.find('.error-label').at(0)).to.have.length(1);",
            "err": {},
            "isRoot": false,
            "uuid": "f0b8e397-f208-4b44-ba53-b497948fcace",
            "isHook": false,
            "skipped": false
          }
        ],
        "suites": [],
        "passes": [
          "d8bd09e3-e6fd-4e97-99b0-6d41274d15e4",
          "6b7b3a4e-daa0-4000-9d10-c08f65f09698",
          "f0b8e397-f208-4b44-ba53-b497948fcace"
        ],
        "failures": [],
        "pending": [],
        "skipped": [],
        "duration": 151,
        "root": false,
        "rootEmpty": false,
        "_timeout": 2000
      }
    ],
    "passes": [],
    "failures": [],
    "pending": [],
    "skipped": [],
    "duration": 0,
    "root": true,
    "rootEmpty": true,
    "_timeout": 2000
  },
  "copyrightYear": 2018
}